# JRE version: OpenJDK Runtime Environment (8.0_242-b01) (build 1.8.0_242-release-1644-b01)
# Java VM: OpenJDK 64-Bit Server VM (25.242-b01 mixed mode windows-amd64 compressed oops)
Heap:
 PSYoungGen      total 209408K, used 202956K [0x00000000e0000000, 0x00000000ee680000, 0x0000000100000000)
  eden space 188928K, 98% used [0x00000000e0000000,0x00000000eb546700,0x00000000eb880000)
  from space 20480K, 84% used [0x00000000eb880000,0x00000000ec96cbc0,0x00000000ecc80000)
  to   space 19968K, 0% used [0x00000000ecc80000,0x00000000ecc80000,0x00000000ee000000)
 ParOldGen       total 128512K, used 36135K [0x00000000a0000000, 0x00000000a7d80000, 0x00000000e0000000)
  object space 128512K, 28% used [0x00000000a0000000,0x00000000a2349dd0,0x00000000a7d80000)
 Metaspace       used 74947K, capacity 78076K, committed 78336K, reserved 1116160K
  class space    used 10195K, capacity 10945K, committed 11008K, reserved 1048576K
GC Heap History (10 events):
Event: 23.641 GC heap before
{Heap before GC invocations=12 (full 2):
 PSYoungGen      total 136704K, used 125952K [0x00000000e0000000, 0x00000000eb180000, 0x0000000100000000)
  eden space 125952K, 100% used [0x00000000e0000000,0x00000000e7b00000,0x00000000e7b00000)
  from space 10752K, 0% used [0x00000000e7b00000,0x00000000e7b00000,0x00000000e8580000)
  to   space 12800K, 0% used [0x00000000ea500000,0x00000000ea500000,0x00000000eb180000)
 ParOldGen       total 86528K, used 19220K [0x00000000a0000000, 0x00000000a5480000, 0x00000000e0000000)
  object space 86528K, 22% used [0x00000000a0000000,0x00000000a12c5278,0x00000000a5480000)
 Metaspace       used 40751K, capacity 42200K, committed 42496K, reserved 1085440K
  class space    used 5465K, capacity 5832K, committed 5888K, reserved 1048576K
Event: 23.664 GC heap after
Heap after GC invocations=12 (full 2):
 PSYoungGen      total 167936K, used 11322K [0x00000000e0000000, 0x00000000eb500000, 0x0000000100000000)
  eden space 155136K, 0% used [0x00000000e0000000,0x00000000e0000000,0x00000000e9780000)
  from space 12800K, 88% used [0x00000000ea500000,0x00000000eb00e860,0x00000000eb180000)
  to   space 13824K, 0% used [0x00000000e9780000,0x00000000e9780000,0x00000000ea500000)
 ParOldGen       total 86528K, used 19228K [0x00000000a0000000, 0x00000000a5480000, 0x00000000e0000000)
  object space 86528K, 22% used [0x00000000a0000000,0x00000000a12c7278,0x00000000a5480000)
 Metaspace       used 40751K, capacity 42200K, committed 42496K, reserved 1085440K
  class space    used 5465K, capacity 5832K, committed 5888K, reserved 1048576K
}
Event: 38.834 GC heap before
{Heap before GC invocations=13 (full 2):
 PSYoungGen      total 167936K, used 166458K [0x00000000e0000000, 0x00000000eb500000, 0x0000000100000000)
  eden space 155136K, 100% used [0x00000000e0000000,0x00000000e9780000,0x00000000e9780000)
  from space 12800K, 88% used [0x00000000ea500000,0x00000000eb00e860,0x00000000eb180000)
  to   space 13824K, 0% used [0x00000000e9780000,0x00000000e9780000,0x00000000ea500000)
 ParOldGen       total 86528K, used 19228K [0x00000000a0000000, 0x00000000a5480000, 0x00000000e0000000)
  object space 86528K, 22% used [0x00000000a0000000,0x00000000a12c7278,0x00000000a5480000)
 Metaspace       used 55802K, capacity 57538K, committed 57728K, reserved 1099776K
  class space    used 7295K, capacity 7735K, committed 7808K, reserved 1048576K
Event: 38.884 GC heap after
Heap after GC invocations=13 (full 2):
 PSYoungGen      total 168960K, used 13801K [0x00000000e0000000, 0x00000000ee000000, 0x0000000100000000)
  eden space 155136K, 0% used [0x00000000e0000000,0x00000000e0000000,0x00000000e9780000)
  from space 13824K, 99% used [0x00000000e9780000,0x00000000ea4fa570,0x00000000ea500000)
  to   space 19968K, 0% used [0x00000000ecc80000,0x00000000ecc80000,0x00000000ee000000)
 ParOldGen       total 86528K, used 30965K [0x00000000a0000000, 0x00000000a5480000, 0x00000000e0000000)
  object space 86528K, 35% used [0x00000000a0000000,0x00000000a1e3d498,0x00000000a5480000)
 Metaspace       used 55802K, capacity 57538K, committed 57728K, reserved 1099776K
  class space    used 7295K, capacity 7735K, committed 7808K, reserved 1048576K
}
Event: 41.148 GC heap before
{Heap before GC invocations=14 (full 2):
 PSYoungGen      total 168960K, used 86516K [0x00000000e0000000, 0x00000000ee000000, 0x0000000100000000)
  eden space 155136K, 46% used [0x00000000e0000000,0x00000000e4702b18,0x00000000e9780000)
  from space 13824K, 99% used [0x00000000e9780000,0x00000000ea4fa570,0x00000000ea500000)
  to   space 19968K, 0% used [0x00000000ecc80000,0x00000000ecc80000,0x00000000ee000000)
 ParOldGen       total 86528K, used 30965K [0x00000000a0000000, 0x00000000a5480000, 0x00000000e0000000)
  object space 86528K, 35% used [0x00000000a0000000,0x00000000a1e3d498,0x00000000a5480000)
 Metaspace       used 57035K, capacity 58976K, committed 59160K, reserved 1099776K
  class space    used 7487K, capacity 7942K, committed 8064K, reserved 1048576K
Event: 41.205 GC heap after
Heap after GC invocations=14 (full 2):
 PSYoungGen      total 208896K, used 14423K [0x00000000e0000000, 0x00000000ee680000, 0x0000000100000000)
  eden space 188928K, 0% used [0x00000000e0000000,0x00000000e0000000,0x00000000eb880000)
  from space 19968K, 72% used [0x00000000ecc80000,0x00000000eda95e60,0x00000000ee000000)
  to   space 20480K, 0% used [0x00000000eb880000,0x00000000eb880000,0x00000000ecc80000)
 ParOldGen       total 86528K, used 36379K [0x00000000a0000000, 0x00000000a5480000, 0x00000000e0000000)
  object space 86528K, 42% used [0x00000000a0000000,0x00000000a2386d88,0x00000000a5480000)
 Metaspace       used 57035K, capacity 58976K, committed 59160K, reserved 1099776K
  class space    used 7487K, capacity 7942K, committed 8064K, reserved 1048576K
}
Event: 41.205 GC heap before
{Heap before GC invocations=15 (full 3):
 PSYoungGen      total 208896K, used 14423K [0x00000000e0000000, 0x00000000ee680000, 0x0000000100000000)
  eden space 188928K, 0% used [0x00000000e0000000,0x00000000e0000000,0x00000000eb880000)
  from space 19968K, 72% used [0x00000000ecc80000,0x00000000eda95e60,0x00000000ee000000)
  to   space 20480K, 0% used [0x00000000eb880000,0x00000000eb880000,0x00000000ecc80000)
 ParOldGen       total 86528K, used 36379K [0x00000000a0000000, 0x00000000a5480000, 0x00000000e0000000)
  object space 86528K, 42% used [0x00000000a0000000,0x00000000a2386d88,0x00000000a5480000)
 Metaspace       used 57035K, capacity 58976K, committed 59160K, reserved 1099776K
  class space    used 7487K, capacity 7942K, committed 8064K, reserved 1048576K
Event: 41.561 GC heap after
Heap after GC invocations=15 (full 3):
 PSYoungGen      total 208896K, used 0K [0x00000000e0000000, 0x00000000ee680000, 0x0000000100000000)
  eden space 188928K, 0% used [0x00000000e0000000,0x00000000e0000000,0x00000000eb880000)
  from space 19968K, 0% used [0x00000000ecc80000,0x00000000ecc80000,0x00000000ee000000)
  to   space 20480K, 0% used [0x00000000eb880000,0x00000000eb880000,0x00000000ecc80000)
 ParOldGen       total 128512K, used 36127K [0x00000000a0000000, 0x00000000a7d80000, 0x00000000e0000000)
  object space 128512K, 28% used [0x00000000a0000000,0x00000000a2347dd0,0x00000000a7d80000)
 Metaspace       used 57026K, capacity 58946K, committed 59160K, reserved 1099776K
  class space    used 7484K, capacity 7937K, committed 8064K, reserved 1048576K
}
Event: 54.951 GC heap before
{Heap before GC invocations=16 (full 3):
 PSYoungGen      total 208896K, used 188928K [0x00000000e0000000, 0x00000000ee680000, 0x0000000100000000)
  eden space 188928K, 100% used [0x00000000e0000000,0x00000000eb880000,0x00000000eb880000)
  from space 19968K, 0% used [0x00000000ecc80000,0x00000000ecc80000,0x00000000ee000000)
  to   space 20480K, 0% used [0x00000000eb880000,0x00000000eb880000,0x00000000ecc80000)
 ParOldGen       total 128512K, used 36127K [0x00000000a0000000, 0x00000000a7d80000, 0x00000000e0000000)
  object space 128512K, 28% used [0x00000000a0000000,0x00000000a2347dd0,0x00000000a7d80000)
 Metaspace       used 64733K, capacity 67456K, committed 67712K, reserved 1107968K
  class space    used 8662K, capacity 9341K, committed 9344K, reserved 1048576K
Event: 54.981 GC heap after
Heap after GC invocations=16 (full 3):
 PSYoungGen      total 209408K, used 17330K [0x00000000e0000000, 0x00000000ee680000, 0x0000000100000000)
  eden space 188928K, 0% used [0x00000000e0000000,0x00000000e0000000,0x00000000eb880000)
  from space 20480K, 84% used [0x00000000eb880000,0x00000000ec96cbc0,0x00000000ecc80000)
  to   space 19968K, 0% used [0x00000000ecc80000,0x00000000ecc80000,0x00000000ee000000)
 ParOldGen       total 128512K, used 36135K [0x00000000a0000000, 0x00000000a7d80000, 0x00000000e0000000)
  object space 128512K, 28% used [0x00000000a0000000,0x00000000a2349dd0,0x00000000a7d80000)
 Metaspace       used 64733K, capacity 67456K, committed 67712K, reserved 1107968K
  class space    used 8662K, capacity 9341K, committed 9344K, reserved 1048576K
}

